<?xml version="1.0" encoding="UTF-8"?>
<!-- Generated by org.testng.reporters.JUnitXMLReporter -->
<testsuite ignored="3" hostname="DESKTOP-TFSG58B" failures="0" tests="1" name="edgetest" time="12.519" errors="0" timestamp="2024-12-16T20:17:38 IST">
  <testcase classname="testscript.Loginpage_Test" name="verifytheUserIsAbleToLoginWithValidCredentials" time="2.022"/>
  <testcase classname="testscript.Loginpage_Test" name="verifyTheUserIsAbleToLoginWithValidUsernameAndInvalidPassword" time="0.0">
    <ignored/>
  </testcase> <!-- verifyTheUserIsAbleToLoginWithValidUsernameAndInvalidPassword -->
  <testcase classname="testscript.Loginpage_Test" name="verifytheUserisAbleToLoginWithInvalidCredentials" time="0.0">
    <ignored/>
  </testcase> <!-- verifytheUserisAbleToLoginWithInvalidCredentials -->
  <testcase classname="testscript.Loginpage_Test" name="verifyTheuserisAbleToLoginWithInvalidUsernameAndValidPassword" time="0.0">
    <ignored/>
  </testcase> <!-- verifyTheuserisAbleToLoginWithInvalidUsernameAndValidPassword -->
</testsuite> <!-- edgetest -->
